-- FreeFem++ v4.400003 (jeu. 12 déc. 2019 13:58:15 - git v4.4-3-9-gc37e08e1)
 Load: lg_fem lg_mesh lg_mesh3 eigenvalue
    1 : // Optimal radiator                  //
    2 : //                                   //
    3 : // Ecole Polytechnique, MAP 562      //
    4 : // Copyright G. Allaire, 2004        //
    5 : //                                   //
    6 : // modified by T. Wick, N. Spillane, B. Bogosel  //
    7 :
    8 :
    9 : //Problem parameters
   10 : int niter=250;                  // Number of total iterations
   11 : int npen= 50;                   // Starting iterations without penalization
   12 : int N=20;
 *** Warning  The identifier N hide a Global identifier
                        // Size of the mesh
   13 : real lagrange=1.;               // Lagrange multiplier for the volume
   14 : real lagmin, lagmax ;           // Lower and upper bounds of the Lagrange multiplier
   15 : int inddico ;                   // Counter of iterations of the dichonomy problem
   16 : real objectivefct;              // Objective function
   17 : real volume0;                   // Initial volume
   18 : real volume,
 *** Warning  The identifier volume hide a Global identifier
volume1;                // Current volume
   19 : real maxstep = 0.1;
   20 :
   21 : real gx=0,gy=1;
   22 : real g0x=0.4,g0y=1;
   23 :
   24 : real E=1;                       // Young modulus
   25 : real nu=0.3;                    // Poisson coefficient (between -1 and 1/2)
   26 :
   27 : real lambda=E*nu/((1.+nu)*(1.-2.*nu));
   28 : real mu=E/(2.*(1.+nu));
   29 :
   30 : real p = 1;
   31 :
   32 : verbosity = 0;
   33 :
   34 : real hmin = 0.;
   35 : real hmax = 1;
   36 : real TOL = 1e-6;
   37 :
   38 : real step = 0.1;
   39 :
   40 : // Some output commands
   41 : string caption;                 // caption for graphical outputs
   42 : real[int] vviso(21);
   43 : for (int i=0;i<21;i++)
   44 : vviso[i]=i*0.05 ;
   45 :
   46 : // applied forces on the top boundary
   47 : func g=1;                       // Temperature flux
   48 :
   49 :
   50 : /////////////////////////////////
   51 : // Defining the two phases
   52 : // and the characteristic function theta
   53 : /////////////////////////////////
   54 : real alpha=0.0001;
   55 : real beta=1;
   56 : func theta0=(x>0.1)*(x<0.9)*(y<0.9) ;
   57 :
   58 :
   59 :
   60 : ////////////////////////////////        1:Dirichlet condition
   61 : // Definition of the domain   //        2:Neumann condition
   62 : ////////////////////////////////        3:Non-homogen. Neumann (temp. flux)
   63 : // L-beam
   64 : // use multi-border to define a polygon
   65 : int GammaD=1, Gamma=2, GammaN=3, GammaW=4;
   66 : real[int] xL = [0,2,2,2,2,1,1,0];
   67 : real[int] yL = [0,0,0.375,0.625,1,1,2,2];
   68 : int[int] labelL = [Gamma,Gamma,GammaN,Gamma,Gamma,Gamma,GammaD,Gamma];
   69 : int[int] numberL = N*[2,0.375,0.25,0.375,1,1,1,2];
   70 :
   71 : border Lbord(t=0,1; i){
   72 :    int nexti = (i+1)%xL.n;
   73 :    x = (1-t)*xL[i]+t*xL[nexti];
   74 :    y = (1-t)*yL[i]+t*yL[nexti];
   75 :    label = labelL[i];
   76 : }
   77 :
   78 : border wr(t=0,0.5)   { x=1.99; y=0.25+t;label=GammaW; };     // Right boundary
   79 : border wl(t=0.5,0)   { x=1.75; y=0.25+t;label=GammaW; };     // Left boundary
   80 : border wt(t=0.24,0)   { x=1.75+t; y=0.75;label=GammaW; };     // Top boundary
   81 : border wb(t=0,0.24)   { x=1.75+t; y=0.25;label=GammaW; };   // Bottom boundary
   82 : mesh Th = buildmesh(Lbord(numberL)+wr(N*0.5)+wl(N*0.5)+wt(N*0.25)+wb(N*0.25));
   83 :
   84 : plot(Th,wait=1,cmm="Mesh of Lbeam");
   85 :
   86 :
   87 : //////////////////////////////////
   88 : // Defining the finite elements //
   89 : //////////////////////////////////
   90 :
   91 : fespace Vh0(Th,P0);
   92 : fespace Vh2(Th,P2);
   93 :
   94 : // get region numbers
   95 : int Omega1 = Th(1,0.5).region;
   96 : int Omega2 = Th(1.8,0.5).region;
   97 :
   98 : // Solution variable: T
   99 : // Test function: v
  100 : Vh2 u,v,w,s;
  101 :
  102 : // P0-space (constants) for
  103 : // the characteristic functions
  104 : // and the density (similar to geometric optimization)
  105 : Vh0 theta,density, thetb,A,tau,gradient,thetaold;
  106 :
  107 :
  108 : ////////////////////////////////////
  109 : // Proportions of the two phases  //
  110 : ////////////////////////////////////
  111 : theta = 0.6;//1-theta0;//1-0.280379;//theta0 ;
  112 :
  113 :
  114 : ///////////////////////////////
  115 : // Implementation of the PDE //
  116 : ///////////////////////////////
  117 :
  118 : real sqrt2 = sqrt(2);
  119 :
  120 : macro e(u,v) [dx(u),dy(v),(dx(v)+dy(u))/sqrt2] )  //
  121 : macro div(u,v) (dx(u)+dy(v)) )  //
  122 :
  123 :
  124 : macro grad(u) [dx(u),dy(u)] )  //
  125 :
  126 : problem elasticity([u,v],[w,s]) =
  127 :     int2d(Th)(A*(2.*mu*e(u,v)  [dx(u),dy(v),(dx(v)+dy(u))/sqrt2]'*e(w,s)  [dx(w),dy(s),(dx(s)+dy(w))/sqrt2]
  128 :              +lambda*div(u,v)  (dx(u)+dy(v))*div(w,s)  (dx(w)+dy(s))))
  129 :    -int1d(Th,GammaN)(gx*w+gy*s)
  130 :     +on(GammaD,u=0,v=0);
  131 :
  132 : Vh2 pp,qq;
  133 : problem adjoint([pp,qq],[w,s]) =
  134 :     int2d(Th)(A*(2.*mu*e(pp,qq)  [dx(pp),dy(qq),(dx(qq)+dy(pp))/sqrt2]'*e(w,s)  [dx(w),dy(s),(dx(s)+dy(w))/sqrt2]
  135 :              +lambda*div(pp,qq)  (dx(pp)+dy(qq))*div(w,s)  (dx(w)+dy(s))))
  136 :    +int2d(Th,Omega2)(2*(u*w+v*s))
  137 :     +on(GammaD,pp=0,qq=0);
  138 :
  139 :
  140 : ////////////////////////////////
  141 : // In the following, we perform
  142 : // the initialization of the
  143 : // volume and the objective function
  144 : ////////////////////////////////
  145 :
  146 : // Initial volume
  147 : volume0=int2d(Th)(theta);
  148 :
  149 : // Solve once the PDE in order
  150 : // to get the initial temperature field.
  151 : // This temperature is then used
  152 : // to initialize the objective function.
  153 : A= (alpha*(1-(theta)^p)+beta*(theta)^p);
  154 : elasticity;
  155 : adjoint;
  156 :
  157 : plot([pp,qq],wait=1);
  158 :
  159 : // Compute the objective function
  160 : objectivefct=int2d(Th,Omega2)(u*u+v*v);
  161 : cout<<"Initialization. Objective fct = "<<objectivefct<<" Volume = "<<volume0<<endl;
  162 :
  163 :
  164 : // Update the thetb (phase 2)
  165 :
  166 : // Visualization
  167 : int iter;
  168 : iter=0;
  169 : caption="Iteration "+iter+", Objective fct= "+objectivefct+", Volume="+volume0;
  170 : plot(Th,theta,fill=1,value=0,viso=vviso,cmm=caption,wait=0);
  171 :
  172 : // Macro for truncation
  173 : macro trunc(u,mm,MM) min(max(u,mm),MM) )  // END of macro
  174 :
  175 : // Macro for projection on the integral constraint
  176 :
  177 : // !!!! Do not write comments with "//" in macros since this
  178 : // terminates a macro in FreeFem. Use /*...*/ instead if you want
  197 # } )  // END of macrohmin,hmax); < endl;*/ << v0-u0 << endl;*/
  198 :
  199 :
  200 :
  201 : // Optimization loop             //
  202 :
  203 : real objold=objectivefct;
  204 : Vh2 uold,vold;
  205 : Vh2 Pold,Qold;
  206 :
  207 : real[int] vals(niter);
  208 : vals[0] = objectivefct;
  209 : int accept;
  210 :
  211 : uold = u;Pold = pp;
  212 : vold = v;Qold = qq;
  213 : thetaold = theta;
  214 : for (iter=1;iter< niter;iter=iter+1)
  215 : {
  216 : accept = 0;
  217 : cout <<"Iteration " <<iter <<" ----------------------------------------" <<endl;
  218 :
  219 :
  220 :
  221 : // Computing the energy density
  222 : gradient = p*(theta)^(p-1)*(beta-alpha)*
  223 :          (2*mu*e(u,v)  [dx(u),dy(v),(dx(v)+dy(u))/sqrt2]'*e(pp,qq)  [dx(pp),dy(qq),(dx(qq)+dy(pp))/sqrt2]+lambda*div(u,v)  (dx(u)+dy(v))*div(pp,qq)  (dx(pp)+dy(qq)));
  224 :
  225 : // Update the proportions of the two phases and
  226 : // project them onto their limit values if necessary
  227 : theta = thetaold-step*gradient;
  228 :
  229 : // Apply penalization (slide 67 in lecture chapter7.pdf), once
  230 : // the "initial" number of iterations has been exceeded.
  231 : //if (iter > npen) { theta = ( 1 - cos(pi*theta) )/2 ; };
  232 :
  233 :
  234 : proj(theta,volume0/Th.area,Vh0)
  180 @
  181 @
  182 @
  183 @
  184 @
  185 @
  186 @
  187 @
  188 @
  189 @
  190 @
  191 @
  192 @
  193 @      /*cout << tmin << " " << tmax << " " << v0-u0 << endl;*/
  194 @      /*cout << v0 << " " << u0 << endl;*/
  195 @
  196 @
  197 @  {
  180 @    real tmin = hmin-theta[].max,tmax = hmax+theta[].min;
  181 @    theta  = trunc(theta,hmin,hmax)  min(max(theta,hmin),hmax);
  182 @    real v0 = 1/Th.area*int2d(Th)(theta);
  183 @    while(tmax-tmin>TOL&&abs(v0-volume0/Th.area)>TOL){
  184 @      real tmid = 0.5*(tmin+tmax);
  185 @      Vh0 testu = trunc(tmid+theta,hmin,hmax)  min(max(tmid+theta,hmin),hmax);
  186 @      v0 = 1/Th.area*int2d(Th)(testu);
  187 @      if(v0<volume0/Th.area){
  188 @        tmin = tmid;
  189 @      }
  190 @      else{
  191 @        tmax = tmid;
  192 @      }
  193 @      /*cout << tmin << " " << tmax << " " << v0-u0 << endl;*/
  194 @      /*cout << v0 << " " << u0 << endl;*/
  195 @    }
  196 @    theta = trunc(theta+tmin,hmin,hmax)  min(max(theta+tmin,hmin),hmax);
  197 @ };
  235 :
  236 : if(iter==npen){
  237 :   p = 2;accept=1;
  238 : }
  239 :
  240 : if(iter==(npen+50)){
  241 :   p = 2.5;accept=1;
  242 : }
  243 :
  244 : if(iter==(npen+100)){
  245 :   p = 3;accept=1;
  246 : }
  247 :
  248 : // After having computed all constraints
  249 : // and the proportions of the two phases, we
  250 : // solve the PDE (i.e., the thermal problem)
  251 : A= (alpha*(1-(theta)^p)+beta*(theta)^p);
  252 : elasticity;
  253 : //plot(T,wait=1);
  254 :
  255 : // Evaluate the cost functional
  256 : objectivefct=int2d(Th,Omega2)(u*u+v*v);
  257 : vals[iter] = objectivefct;
  258 : cout<<"Objective fct: "<<objectivefct<<" Volume: "<<volume <<endl;
  259 :
  260 : if(objectivefct<objold*1.00001|| accept==1){
  261 :    adjoint;
  262 :    uold = u;Pold = pp;
  263 :    vold = v;Qold = qq;
  264 :    thetaold = theta;
  265 :    objold = objectivefct;
  266 :    step = 1.1*step;
  267 :    step = min(step,maxstep);
  268 :
  269 :    // Finally we update the proportion
  270 :    volume = int2d(Th)(theta);
  271 :    caption="Iteration "+iter+", Objective fct "+objectivefct+", Volume="+volume;
  272 :    plot(theta,fill=1,value=0,viso=vviso,cmm=caption,wait=0);
  273 :
  274 : }
  275 : else{
  276 :    cout << "Reject " << endl;
  277 :    iter = iter-1;
  278 :    step = step/2;
  279 :    u = uold;pp=Pold;
  280 :    v = vold;qq=Qold;
  281 :    theta = thetaold;
  282 : }
  283 :
  284 : cout << "Step=" << step << endl;
  285 : cout << "Theta min=" << theta[].min << "Theta max=" << theta[].max << endl;
  286 : }; // end of the optimization loop
  287 :
  288 :
  289 : // Final updates and visualization
  290 :
  291 : caption="Final Shape, Iteration "+iter+", Objective fct "+objectivefct+", Volume="+volume;
  292 : plot(Th,theta,fill=1,viso=vviso,cmm=caption,wait = 1);
  293 :
  294 : real[int] dis(niter);
  295 : dis = 1:niter;
  296 : plot([dis,vals],cmm="Cost function evolution");
  297 :  sizestack + 1024 =12688  ( 11664 )
 
Initialization. Objective fct = 41.0345 Volume = 1.8
Iteration 1 ----------------------------------------
Objective fct: 37.7421 Volume: 0
Step=0.1
Theta min=0Theta max=0.626164
Iteration 2 ----------------------------------------
Objective fct: 1.47744e+09 Volume: 1.8
Reject
Step=0.05
Theta min=0Theta max=0.626164
Iteration 2 ----------------------------------------
Objective fct: 1.47744e+09 Volume: 1.8
Reject
Step=0.025
Theta min=0Theta max=0.626164
Iteration 2 ----------------------------------------
Objective fct: 1.47744e+09 Volume: 1.8
Reject
Step=0.0125
Theta min=0Theta max=0.626164
Iteration 2 ----------------------------------------
Objective fct: 1.47744e+09 Volume: 1.8
Reject
Step=0.00625
Theta min=0Theta max=0.626164
Iteration 2 ----------------------------------------
Objective fct: 1.47744e+09 Volume: 1.8
Reject
Step=0.003125
Theta min=0Theta max=0.626164
Iteration 2 ----------------------------------------
Objective fct: 1.47744e+09 Volume: 1.8
Reject
Step=0.0015625
Theta min=0Theta max=0.626164
Iteration 2 ----------------------------------------
Objective fct: 1.47744e+09 Volume: 1.8
Reject
Step=0.00078125
Theta min=0Theta max=0.626164
Iteration 2 ----------------------------------------
Objective fct: 1.47744e+09 Volume: 1.8
Reject
Step=0.000390625
Theta min=0Theta max=0.626164
Iteration 2 ----------------------------------------
Objective fct: 1.47744e+09 Volume: 1.8
Reject
Step=0.000195313
Theta min=0Theta max=0.626164
Iteration 2 ----------------------------------------
Objective fct: 1.47744e+09 Volume: 1.8
Reject
Step=9.76563e-05
Theta min=0Theta max=0.626164
Iteration 2 ----------------------------------------
Objective fct: 128.665 Volume: 1.8
Reject
Step=4.88281e-05
Theta min=0Theta max=0.626164
Iteration 2 ----------------------------------------
Objective fct: 37.2838 Volume: 1.8
Step=5.37109e-05
Theta min=0Theta max=0.997963
Iteration 3 ----------------------------------------
Objective fct: 36.803 Volume: 1.79999
Step=5.9082e-05
Theta min=0Theta max=0.995885
Iteration 4 ----------------------------------------
Objective fct: 36.308 Volume: 1.8
Step=6.49902e-05
Theta min=0Theta max=0.993625
Iteration 5 ----------------------------------------
Objective fct: 35.7933 Volume: 1.79995
Step=7.14893e-05
Theta min=0Theta max=0.991224
Iteration 6 ----------------------------------------
Objective fct: 42.2339 Volume: 1.8
Reject
Step=3.57446e-05
Theta min=0Theta max=0.991224
Iteration 6 ----------------------------------------
Objective fct: 35.527 Volume: 1.8
Step=3.93191e-05
Theta min=0Theta max=0.989923
Iteration 7 ----------------------------------------
Objective fct: 35.2447 Volume: 1.8
Step=4.3251e-05
Theta min=0Theta max=0.988501
Iteration 8 ----------------------------------------
Objective fct: 34.9444 Volume: 1.79998
Step=4.75761e-05
Theta min=0Theta max=0.986966
Iteration 9 ----------------------------------------
Objective fct: 34.6276 Volume: 1.8
Step=5.23337e-05
Theta min=0Theta max=0.985291
Iteration 10 ----------------------------------------
Objective fct: 34.2925 Volume: 1.79999
Step=5.75671e-05
Theta min=0Theta max=0.98348
Iteration 11 ----------------------------------------
Objective fct: 33.9406 Volume: 1.8
Step=6.33238e-05
Theta min=0Theta max=0.981512
Iteration 12 ----------------------------------------
Objective fct: 33.5723 Volume: 1.79999
Step=6.96562e-05
Theta min=0Theta max=0.979368
Iteration 13 ----------------------------------------
Objective fct: 47.2112 Volume: 1.79996
Reject
Step=3.48281e-05
Theta min=0Theta max=0.979368
Iteration 13 ----------------------------------------
Objective fct: 33.3762 Volume: 1.79996
Step=3.83109e-05
Theta min=0Theta max=0.978228
Iteration 14 ----------------------------------------
Objective fct: 33.1676 Volume: 1.8
Step=4.2142e-05
Theta min=0Theta max=0.976971
Iteration 15 ----------------------------------------
Objective fct: 32.9451 Volume: 1.8
Step=4.63562e-05
Theta min=0Theta max=0.98505
Iteration 16 ----------------------------------------
Objective fct: 32.7094 Volume: 1.79999
Step=5.09918e-05
Theta min=0Theta max=0.998489
Iteration 17 ----------------------------------------
Objective fct: 32.467 Volume: 1.8
Step=5.6091e-05
Theta min=0Theta max=0.998353
Iteration 18 ----------------------------------------
Objective fct: 32.2088 Volume: 1.79999
Step=6.17001e-05
Theta min=0Theta max=0.998214
Iteration 19 ----------------------------------------
Objective fct: 35.2604 Volume: 1.8
Reject
Step=3.085e-05
Theta min=0Theta max=0.998214
Iteration 19 ----------------------------------------
Objective fct: 32.0708 Volume: 1.8
Step=3.3935e-05
Theta min=0Theta max=0.999027
Iteration 20 ----------------------------------------
Objective fct: 31.9226 Volume: 1.8
Step=3.73285e-05
Theta min=0Theta max=0.998937
Iteration 21 ----------------------------------------
Objective fct: 31.7629 Volume: 1.8
Step=4.10614e-05
Theta min=0Theta max=0.998839
Iteration 22 ----------------------------------------
Objective fct: 31.5915 Volume: 1.8
Step=4.51675e-05
Theta min=0Theta max=0.998731
Iteration 23 ----------------------------------------
Objective fct: 31.4077 Volume: 1.8
Step=4.96843e-05
Theta min=0Theta max=0.998613
Iteration 24 ----------------------------------------
Objective fct: 31.2104 Volume: 1.79999
Step=5.46527e-05
Theta min=0Theta max=0.998492
Iteration 25 ----------------------------------------
Objective fct: 31.0001 Volume: 1.8
Step=6.0118e-05
Theta min=0Theta max=0.998352
Iteration 26 ----------------------------------------
Objective fct: 42.713 Volume: 1.79999
Reject
Step=3.0059e-05
Theta min=0Theta max=0.998352
Iteration 26 ----------------------------------------
Objective fct: 30.8866 Volume: 1.79999
Step=3.30649e-05
Theta min=0Theta max=0.999106
Iteration 27 ----------------------------------------
Objective fct: 30.7648 Volume: 1.8
Step=3.63714e-05
Theta min=0Theta max=0.999019
Iteration 28 ----------------------------------------
Objective fct: 30.6331 Volume: 1.8
Step=4.00085e-05
Theta min=0Theta max=0.998927
Iteration 29 ----------------------------------------
Objective fct: 30.4911 Volume: 1.8
Step=4.40094e-05
Theta min=0Theta max=0.998827
Iteration 30 ----------------------------------------
Objective fct: 30.3398 Volume: 1.8
Step=4.84103e-05
Theta min=0Theta max=0.9987
Iteration 31 ----------------------------------------
Objective fct: 30.1751 Volume: 1.79995
Step=5.32513e-05
Theta min=0Theta max=0.998615
Iteration 32 ----------------------------------------
Objective fct: 34.312 Volume: 1.79999
Reject
Step=2.66257e-05
Theta min=0Theta max=0.998615
Iteration 32 ----------------------------------------
Objective fct: 30.0878 Volume: 1.79999
Step=2.92882e-05
Theta min=0Theta max=0.999241
Iteration 33 ----------------------------------------
Objective fct: 29.994 Volume: 1.8
Step=3.22171e-05
Theta min=0Theta max=0.999167
Iteration 34 ----------------------------------------
Objective fct: 29.8924 Volume: 1.8
Step=3.54388e-05
Theta min=0Theta max=0.999087
Iteration 35 ----------------------------------------
Objective fct: 29.784 Volume: 1.8
Step=3.89827e-05
Theta min=0Theta max=0.999001
Iteration 36 ----------------------------------------
Objective fct: 29.6678 Volume: 1.8
Step=4.28809e-05
Theta min=0Theta max=0.998912
Iteration 37 ----------------------------------------
Objective fct: 29.5437 Volume: 1.8
Step=4.7169e-05
Theta min=0Theta max=0.998811
Iteration 38 ----------------------------------------
Objective fct: 29.6289 Volume: 1.8
Reject
Step=2.35845e-05
Theta min=0Theta max=0.998811
Iteration 38 ----------------------------------------
Objective fct: 29.4757 Volume: 1.8
Step=2.5943e-05
Theta min=0Theta max=0.999348
Iteration 39 ----------------------------------------
Objective fct: 29.4037 Volume: 1.8
Step=2.85372e-05
Theta min=0Theta max=0.999289
Iteration 40 ----------------------------------------
Objective fct: 29.3264 Volume: 1.8
Step=3.1391e-05
Theta min=0Theta max=0.999223
Iteration 41 ----------------------------------------
Objective fct: 29.2427 Volume: 1.8
Step=3.45301e-05
Theta min=0Theta max=0.999148
Iteration 42 ----------------------------------------
Objective fct: 29.153 Volume: 1.8
Step=3.79831e-05
Theta min=0Theta max=0.999068
Iteration 43 ----------------------------------------
Objective fct: 29.0559 Volume: 1.8
Step=4.17814e-05
Theta min=0Theta max=0.99898
Iteration 44 ----------------------------------------
Objective fct: 28.9508 Volume: 1.8
Step=4.59595e-05
Theta min=0Theta max=0.998884
Iteration 45 ----------------------------------------
Objective fct: 38.5532 Volume: 1.8
Reject
Step=2.29798e-05
Theta min=0Theta max=0.998884
Iteration 45 ----------------------------------------
Objective fct: 28.8927 Volume: 1.8
Step=2.52777e-05
Theta min=0Theta max=0.999387
Iteration 46 ----------------------------------------
Objective fct: 28.8283 Volume: 1.8
Step=2.78055e-05
Theta min=0Theta max=0.999331
Iteration 47 ----------------------------------------
Objective fct: 44.6394 Volume: 1.8
Reject
Step=1.39028e-05
Theta min=0Theta max=0.999331
Iteration 47 ----------------------------------------
Objective fct: 28.7914 Volume: 1.8
Step=1.5293e-05
Theta min=0Theta max=0.999627
Iteration 48 ----------------------------------------
Objective fct: 28.7555 Volume: 1.79999
Step=1.68223e-05
Theta min=0Theta max=0.999583
Iteration 49 ----------------------------------------
Objective fct: 29.6073 Volume: 1.79995
Reject
Step=8.41117e-06
Theta min=0Theta max=0.999583
Iteration 49 ----------------------------------------
Objective fct: 28.7335 Volume: 1.79995
Step=9.25228e-06
Theta min=0Theta max=0.999794
Iteration 50 ----------------------------------------
Objective fct: 56.1254 Volume: 1.8
Step=1.01775e-05
Theta min=0Theta max=0.999756
Iteration 51 ----------------------------------------
Objective fct: 55.7657 Volume: 1.8
Step=1.11953e-05
Theta min=0Theta max=0.998948
Iteration 52 ----------------------------------------
Objective fct: 55.3942 Volume: 1.8
Step=1.23148e-05
Theta min=0Theta max=0.998839
Iteration 53 ----------------------------------------
Objective fct: 54.9898 Volume: 1.79996
Step=1.35463e-05
Theta min=0Theta max=0.998763
Iteration 54 ----------------------------------------
Objective fct: 54.5621 Volume: 1.8
Step=1.49009e-05
Theta min=0Theta max=0.998637
Iteration 55 ----------------------------------------
Objective fct: 54.1102 Volume: 1.8
Step=1.6391e-05
Theta min=0Theta max=0.998517
Iteration 56 ----------------------------------------
Objective fct: 53.6296 Volume: 1.79999
Step=1.80301e-05
Theta min=0Theta max=0.998384
Iteration 57 ----------------------------------------
Objective fct: 53.1237 Volume: 1.79999
Step=1.98331e-05
Theta min=0Theta max=0.998252
Iteration 58 ----------------------------------------
Objective fct: 52.5933 Volume: 1.8
Step=2.18164e-05
Theta min=0Theta max=0.998097
Iteration 59 ----------------------------------------
Objective fct: 52.0351 Volume: 1.79999
Step=2.3998e-05
Theta min=0Theta max=0.997934
Iteration 60 ----------------------------------------
Objective fct: 51.4553 Volume: 1.79999
Step=2.63978e-05
Theta min=0Theta max=0.997768
Iteration 61 ----------------------------------------
Objective fct: 50.8592 Volume: 1.79999
Step=2.90376e-05
Theta min=0Theta max=0.997589
Iteration 62 ----------------------------------------
Objective fct: 50.2663 Volume: 1.8
Step=3.19414e-05
Theta min=0Theta max=0.997413
Iteration 63 ----------------------------------------
Objective fct: 49.6891 Volume: 1.8
Step=3.51355e-05
Theta min=0Theta max=0.997236
Iteration 64 ----------------------------------------
Objective fct: 49.1177 Volume: 1.8
Step=3.86491e-05
Theta min=0Theta max=0.997036
Iteration 65 ----------------------------------------
Objective fct: 48.548 Volume: 1.8
Step=4.2514e-05
Theta min=0Theta max=0.996813
Iteration 66 ----------------------------------------
Objective fct: 47.9592 Volume: 1.79999
Step=4.67654e-05
Theta min=0Theta max=0.996562
Iteration 67 ----------------------------------------
Objective fct: 47.3641 Volume: 1.8
Step=5.14419e-05
Theta min=0Theta max=0.996278
Iteration 68 ----------------------------------------
Objective fct: 46.743 Volume: 1.79996
Step=5.65861e-05
Theta min=0Theta max=0.996007
Iteration 69 ----------------------------------------
Objective fct: 46.1191 Volume: 1.79999
Step=6.22447e-05
Theta min=0Theta max=0.995692
Iteration 70 ----------------------------------------
Objective fct: 45.5053 Volume: 1.8
Step=6.84692e-05
Theta min=0Theta max=0.99539
Iteration 71 ----------------------------------------
Objective fct: 44.9044 Volume: 1.8
Step=7.53161e-05
Theta min=0Theta max=0.995049
Iteration 72 ----------------------------------------
Objective fct: 44.3218 Volume: 1.79995
Step=8.28478e-05
Theta min=0Theta max=0.99475
Iteration 73 ----------------------------------------
Objective fct: 43.7602 Volume: 1.8
Step=9.11325e-05
Theta min=0Theta max=0.994369
Iteration 74 ----------------------------------------
Objective fct: 43.2084 Volume: 1.79999
Step=0.000100246
Theta min=0Theta max=0.993965
Iteration 75 ----------------------------------------
Objective fct: 42.6595 Volume: 1.8
Step=0.00011027
Theta min=0Theta max=0.993514
Iteration 76 ----------------------------------------
Objective fct: 42.1026 Volume: 1.8
Step=0.000121297
Theta min=0Theta max=0.993015
Iteration 77 ----------------------------------------
Objective fct: 41.5703 Volume: 1.8
Step=0.000133427
Theta min=0Theta max=0.992531
Iteration 78 ----------------------------------------
Objective fct: 41.0437 Volume: 1.8
Step=0.00014677
Theta min=0Theta max=0.992016
Iteration 79 ----------------------------------------
Objective fct: 40.5527 Volume: 1.8
Step=0.000161447
Theta min=0Theta max=0.99148
Iteration 80 ----------------------------------------
Objective fct: 40.0589 Volume: 1.8
Step=0.000177592
Theta min=0Theta max=0.990836
Iteration 81 ----------------------------------------
Objective fct: 39.5519 Volume: 1.8
Step=0.000195351
Theta min=0Theta max=0.990093
Iteration 82 ----------------------------------------
Objective fct: 39.0387 Volume: 1.8
Step=0.000214886
Theta min=0Theta max=0.989326
Iteration 83 ----------------------------------------
Objective fct: 38.5307 Volume: 1.8
Step=0.000236374
Theta min=0Theta max=0.988546
Iteration 84 ----------------------------------------
Objective fct: 38.0328 Volume: 1.8
Step=0.000260012
Theta min=0Theta max=0.987745
Iteration 85 ----------------------------------------
Objective fct: 37.5548 Volume: 1.8
Step=0.000286013
Theta min=0Theta max=0.986736
Iteration 86 ----------------------------------------
Objective fct: 37.1047 Volume: 1.8
Step=0.000314614
Theta min=0Theta max=0.985649
Iteration 87 ----------------------------------------
Objective fct: 36.6649 Volume: 1.8
Step=0.000346076
Theta min=0Theta max=0.984539
Iteration 88 ----------------------------------------
Objective fct: 36.2312 Volume: 1.8
Step=0.000380683
Theta min=0Theta max=0.983315
Iteration 89 ----------------------------------------
Objective fct: 35.8026 Volume: 1.8
Step=0.000418752
Theta min=0Theta max=0.981959
Iteration 90 ----------------------------------------
Objective fct: 35.3814 Volume: 1.8
Step=0.000460627
Theta min=0Theta max=0.980556
Iteration 91 ----------------------------------------
Objective fct: 34.9764 Volume: 1.8
Step=0.000506689
Theta min=0Theta max=0.979118
Iteration 92 ----------------------------------------
Objective fct: 34.5743 Volume: 1.8
Step=0.000557358
Theta min=0Theta max=0.977604
Iteration 93 ----------------------------------------
Objective fct: 34.1843 Volume: 1.8
Step=0.000613094
Theta min=0Theta max=0.97595
Iteration 94 ----------------------------------------
Objective fct: 33.7956 Volume: 1.8
Step=0.000674403
Theta min=0Theta max=0.974167
Iteration 95 ----------------------------------------
Objective fct: 33.3912 Volume: 1.8
Step=0.000741844
Theta min=0Theta max=0.972252
Iteration 96 ----------------------------------------
Objective fct: 32.9955 Volume: 1.79999
Step=0.000816028
Theta min=0Theta max=0.970192
Iteration 97 ----------------------------------------
Objective fct: 32.5996 Volume: 1.79999
Step=0.000897631
Theta min=0Theta max=0.968097
Iteration 98 ----------------------------------------
Objective fct: 32.2034 Volume: 1.8
Step=0.000987394
Theta min=0Theta max=0.965824
Iteration 99 ----------------------------------------
Objective fct: 31.7989 Volume: 1.79999
Step=0.00108613
Theta min=0Theta max=0.963446
Iteration 100 ----------------------------------------
Objective fct: 37.9767 Volume: 1.8
Step=0.00119475
Theta min=0Theta max=0.960772
Iteration 101 ----------------------------------------
Objective fct: 38.5131 Volume: 1.79999
Reject
Step=0.000597373
Theta min=0Theta max=0.960772
Iteration 101 ----------------------------------------
Objective fct: 36.8769 Volume: 1.79999
Step=0.000657111
Theta min=0Theta max=0.964596
Iteration 102 ----------------------------------------
Objective fct: 36.1919 Volume: 1.79997
Step=0.000722822
Theta min=0Theta max=0.963716
Iteration 103 ----------------------------------------
Objective fct: 35.6534 Volume: 1.8
Step=0.000795104
Theta min=0Theta max=0.961702
Iteration 104 ----------------------------------------
Objective fct: 35.1805 Volume: 1.8
Step=0.000874614
Theta min=0Theta max=0.959331
Iteration 105 ----------------------------------------
Objective fct: 34.724 Volume: 1.79995
Step=0.000962076
Theta min=0Theta max=0.956797
Iteration 106 ----------------------------------------
Objective fct: 34.3098 Volume: 1.8
Step=0.00105828
Theta min=0Theta max=0.954036
Iteration 107 ----------------------------------------
Objective fct: 33.7967 Volume: 1.79999
Step=0.00116411
Theta min=0Theta max=0.9512
Iteration 108 ----------------------------------------
Objective fct: 33.3386 Volume: 1.8
Step=0.00128052
Theta min=0Theta max=0.948746
Iteration 109 ----------------------------------------
Objective fct: 32.8874 Volume: 1.8
Step=0.00140858
Theta min=0Theta max=0.946361
Iteration 110 ----------------------------------------
Objective fct: 32.372 Volume: 1.8
Step=0.00154943
Theta min=0Theta max=0.943754
Iteration 111 ----------------------------------------
Objective fct: 56.8257 Volume: 1.79998
Reject
Step=0.000774716
Theta min=0Theta max=0.943754
Iteration 111 ----------------------------------------
Objective fct: 47.9964 Volume: 1.79998
Reject
Step=0.000387358
Theta min=0Theta max=0.943754
Iteration 111 ----------------------------------------
Objective fct: 36.1359 Volume: 1.79998
Reject
Step=0.000193679
Theta min=0Theta max=0.943754
Iteration 111 ----------------------------------------
Objective fct: 30.0311 Volume: 1.79998
Step=0.000213047
Theta min=0Theta max=0.985884
Iteration 112 ----------------------------------------
Objective fct: 29.4141 Volume: 1.8
Step=0.000234352
Theta min=0Theta max=0.988192
Iteration 113 ----------------------------------------
Objective fct: 29.0474 Volume: 1.8
Step=0.000257787
Theta min=0Theta max=0.988467
Iteration 114 ----------------------------------------
Objective fct: 28.7657 Volume: 1.8
Step=0.000283566
Theta min=0Theta max=0.988156
Iteration 115 ----------------------------------------
Objective fct: 28.5924 Volume: 1.8
Step=0.000311922
Theta min=0Theta max=0.98768
Iteration 116 ----------------------------------------
Objective fct: 28.5551 Volume: 1.8
Step=0.000343114
Theta min=0Theta max=0.986699
Iteration 117 ----------------------------------------
Objective fct: 28.2621 Volume: 1.79998
Step=0.000377426
Theta min=0Theta max=0.986021
Iteration 118 ----------------------------------------
Objective fct: 28.6551 Volume: 1.8
Reject
Step=0.000188713
Theta min=0Theta max=0.986021
Iteration 118 ----------------------------------------
Objective fct: 27.8867 Volume: 1.8
Step=0.000207584
Theta min=0Theta max=0.990912
Iteration 119 ----------------------------------------
Objective fct: 28.024 Volume: 1.8
Reject
Step=0.000103792
Theta min=0Theta max=0.990912
Iteration 119 ----------------------------------------
Objective fct: 27.7123 Volume: 1.8
Step=0.000114171
Theta min=0Theta max=0.994631
Iteration 120 ----------------------------------------
Objective fct: 27.4883 Volume: 1.79998
Step=0.000125588
Theta min=0Theta max=0.995191
Iteration 121 ----------------------------------------
Objective fct: 27.3539 Volume: 1.8
Step=0.000138147
Theta min=0Theta max=0.995003
Iteration 122 ----------------------------------------
Objective fct: 27.2953 Volume: 1.8
Step=0.000151962
Theta min=0Theta max=0.994602
Iteration 123 ----------------------------------------
Objective fct: 27.2426 Volume: 1.8
Step=0.000167158
Theta min=0Theta max=0.994119
Iteration 124 ----------------------------------------
Objective fct: 27.1898 Volume: 1.8
Step=0.000183874
Theta min=0Theta max=0.993598
Iteration 125 ----------------------------------------
Objective fct: 27.1269 Volume: 1.79999
Step=0.000202261
Theta min=0Theta max=0.99307
Iteration 126 ----------------------------------------
Objective fct: 27.071 Volume: 1.8
Step=0.000222488
Theta min=0Theta max=0.992498
Iteration 127 ----------------------------------------
Objective fct: 26.9965 Volume: 1.8
Step=0.000244736
Theta min=0Theta max=0.991956
Iteration 128 ----------------------------------------
Objective fct: 27.0467 Volume: 1.8
Reject
Step=0.000122368
Theta min=0Theta max=0.991956
Iteration 128 ----------------------------------------
Objective fct: 26.8348 Volume: 1.8
Step=0.000134605
Theta min=0Theta max=0.994424
Iteration 129 ----------------------------------------
Objective fct: 26.6965 Volume: 1.8
Step=0.000148065
Theta min=0Theta max=0.994839
Iteration 130 ----------------------------------------
Objective fct: 26.5758 Volume: 1.8
Step=0.000162872
Theta min=0Theta max=0.994714
Iteration 131 ----------------------------------------
Objective fct: 26.4757 Volume: 1.8
Step=0.000179159
Theta min=0Theta max=0.994343
Iteration 132 ----------------------------------------
Objective fct: 26.4162 Volume: 1.8
Step=0.000197075
Theta min=0Theta max=0.993822
Iteration 133 ----------------------------------------
Objective fct: 26.2771 Volume: 1.8
Step=0.000216783
Theta min=0Theta max=0.993375
Iteration 134 ----------------------------------------
Objective fct: 26.1686 Volume: 1.8
Step=0.000238461
Theta min=0Theta max=0.992791
Iteration 135 ----------------------------------------
Objective fct: 26.2003 Volume: 1.8
Reject
Step=0.00011923
Theta min=0Theta max=0.992791
Iteration 135 ----------------------------------------
Objective fct: 26.0156 Volume: 1.8
Step=0.000131154
Theta min=0Theta max=0.994896
Iteration 136 ----------------------------------------
Objective fct: 25.9568 Volume: 1.8
Step=0.000144269
Theta min=0Theta max=0.995233
Iteration 137 ----------------------------------------
Objective fct: 25.9513 Volume: 1.8
Step=0.000158696
Theta min=0Theta max=0.995081
Iteration 138 ----------------------------------------
Objective fct: 25.9019 Volume: 1.8
Step=0.000174565
Theta min=0Theta max=0.994808
Iteration 139 ----------------------------------------
Objective fct: 25.7876 Volume: 1.8
Step=0.000192022
Theta min=0Theta max=0.99443
Iteration 140 ----------------------------------------
Objective fct: 25.7649 Volume: 1.8
Step=0.000211224
Theta min=0Theta max=0.993823
Iteration 141 ----------------------------------------
Objective fct: 25.9547 Volume: 1.8
Reject
Step=0.000105612
Theta min=0Theta max=0.993823
Iteration 141 ----------------------------------------
Objective fct: 25.5948 Volume: 1.8
Step=0.000116173
Theta min=0Theta max=0.995656
Iteration 142 ----------------------------------------
Objective fct: 25.4439 Volume: 1.79999
Step=0.000127791
Theta min=0Theta max=0.995972
Iteration 143 ----------------------------------------
Objective fct: 25.4107 Volume: 1.8
Step=0.00014057
Theta min=0Theta max=0.995924
Iteration 144 ----------------------------------------
Objective fct: 25.3742 Volume: 1.79996
Step=0.000154627
Theta min=0Theta max=0.995555
Iteration 145 ----------------------------------------
Objective fct: 25.2597 Volume: 1.8
Step=0.000170089
Theta min=0Theta max=0.99523
Iteration 146 ----------------------------------------
Objective fct: 25.4106 Volume: 1.8
Reject
Step=8.50446e-05
Theta min=0Theta max=0.99523
Iteration 146 ----------------------------------------
Objective fct: 25.1027 Volume: 1.8
Step=9.35491e-05
Theta min=0Theta max=0.996589
Iteration 147 ----------------------------------------
Objective fct: 25.1019 Volume: 1.8
Step=0.000102904
Theta min=0Theta max=0.99683
Iteration 148 ----------------------------------------
Objective fct: 25.0409 Volume: 1.79998
Step=0.000113194
Theta min=0Theta max=0.996712
Iteration 149 ----------------------------------------
Objective fct: 24.9139 Volume: 1.8
Step=0.000124514
Theta min=0Theta max=0.996563
Iteration 150 ----------------------------------------
Objective fct: 27.1874 Volume: 1.8
Step=0.000136965
Theta min=0Theta max=0.996315
Iteration 151 ----------------------------------------
Objective fct: 27.1757 Volume: 1.8
Step=0.000150662
Theta min=0Theta max=0.994771
Iteration 152 ----------------------------------------
Objective fct: 27.0714 Volume: 1.8
Step=0.000165728
Theta min=0Theta max=0.993985
Iteration 153 ----------------------------------------
Objective fct: 26.7095 Volume: 1.8
Step=0.000182301
Theta min=0Theta max=0.993491
Iteration 154 ----------------------------------------
Objective fct: 26.7418 Volume: 1.8
Reject
Step=9.11503e-05
Theta min=0Theta max=0.993491
Iteration 154 ----------------------------------------
Objective fct: 26.6166 Volume: 1.8
Step=0.000100265
Theta min=0Theta max=0.995305
Iteration 155 ----------------------------------------
Objective fct: 26.3256 Volume: 1.8
Step=0.000110292
Theta min=0Theta max=0.995601
Iteration 156 ----------------------------------------
Objective fct: 26.2111 Volume: 1.8
Step=0.000121321
Theta min=0Theta max=0.995665
Iteration 157 ----------------------------------------
Objective fct: 25.9178 Volume: 1.79998
Step=0.000133453
Theta min=0Theta max=0.995349
Iteration 158 ----------------------------------------
Objective fct: 25.8317 Volume: 1.8
Step=0.000146799
Theta min=0Theta max=0.995085
Iteration 159 ----------------------------------------
Objective fct: 25.3826 Volume: 1.8
Step=0.000161478
Theta min=0Theta max=0.994726
Iteration 160 ----------------------------------------
Objective fct: 24.1433 Volume: 1.79999
Step=0.000177626
Theta min=0Theta max=0.99444
Iteration 161 ----------------------------------------
Objective fct: 22.4625 Volume: 1.79993
Step=0.000195389
Theta min=0Theta max=0.994372
Iteration 162 ----------------------------------------
Objective fct: 20.7667 Volume: 1.79999
Step=0.000214928
Theta min=0Theta max=0.994397
Iteration 163 ----------------------------------------
Objective fct: 20.4507 Volume: 1.8
Step=0.00023642
Theta min=0Theta max=0.994063
Iteration 164 ----------------------------------------
Objective fct: 20.2544 Volume: 1.79999
Step=0.000260063
Theta min=0Theta max=0.993773
Iteration 165 ----------------------------------------
Objective fct: 19.9988 Volume: 1.79999
Step=0.000286069
Theta min=0Theta max=0.993323
Iteration 166 ----------------------------------------
Objective fct: 20.1286 Volume: 1.8
Reject
Step=0.000143034
Theta min=0Theta max=0.993323
Iteration 166 ----------------------------------------
Objective fct: 19.8277 Volume: 1.8
Step=0.000157338
Theta min=0Theta max=0.99499
Iteration 167 ----------------------------------------
Objective fct: 19.6129 Volume: 1.8
Step=0.000173072
Theta min=0Theta max=0.995651
Iteration 168 ----------------------------------------
Objective fct: 19.5894 Volume: 1.8
Step=0.000190379
Theta min=0Theta max=0.995406
Iteration 169 ----------------------------------------
Objective fct: 20.0844 Volume: 1.8
Reject
Step=9.51894e-05
Theta min=0Theta max=0.995406
Iteration 169 ----------------------------------------
Objective fct: 19.5428 Volume: 1.8
Step=0.000104708
Theta min=0Theta max=0.99674
Iteration 170 ----------------------------------------
Objective fct: 19.0155 Volume: 1.79999
Step=0.000115179
Theta min=0Theta max=0.99704
Iteration 171 ----------------------------------------
Objective fct: 18.9076 Volume: 1.8
Step=0.000126697
Theta min=0Theta max=0.997011
Iteration 172 ----------------------------------------
Objective fct: 18.7998 Volume: 1.8
Step=0.000139367
Theta min=0Theta max=0.996905
Iteration 173 ----------------------------------------
Objective fct: 18.6967 Volume: 1.8
Step=0.000153303
Theta min=0Theta max=0.996728
Iteration 174 ----------------------------------------
Objective fct: 18.5906 Volume: 1.8
Step=0.000168634
Theta min=0Theta max=0.996477
Iteration 175 ----------------------------------------
Objective fct: 18.4356 Volume: 1.79999
Step=0.000185497
Theta min=0Theta max=0.996211
Iteration 176 ----------------------------------------
Objective fct: 18.2013 Volume: 1.79998
Step=0.000204047
Theta min=0Theta max=0.995947
Iteration 177 ----------------------------------------
Objective fct: 18.1502 Volume: 1.8
Step=0.000224452
Theta min=0Theta max=0.99553
Iteration 178 ----------------------------------------
Objective fct: 18.1191 Volume: 1.79999
Step=0.000246897
Theta min=0Theta max=0.995121
Iteration 179 ----------------------------------------
Objective fct: 18.1275 Volume: 1.8
Reject
Step=0.000123448
Theta min=0Theta max=0.995121
Iteration 179 ----------------------------------------
Objective fct: 18.0339 Volume: 1.8
Step=0.000135793
Theta min=0Theta max=0.996296
Iteration 180 ----------------------------------------
Objective fct: 18.0228 Volume: 1.8
Step=0.000149373
Theta min=0Theta max=0.996607
Iteration 181 ----------------------------------------
Objective fct: 18.0836 Volume: 1.79999
Reject
Step=7.46863e-05
Theta min=0Theta max=0.996607
Iteration 181 ----------------------------------------
Objective fct: 17.9909 Volume: 1.79999
Step=8.21549e-05
Theta min=0Theta max=0.997615
Iteration 182 ----------------------------------------
Objective fct: 18.0309 Volume: 1.8
Reject
Step=4.10775e-05
Theta min=0Theta max=0.997615
Iteration 182 ----------------------------------------
Objective fct: 17.9663 Volume: 1.8
Step=4.51852e-05
Theta min=0Theta max=0.998555
Iteration 183 ----------------------------------------
Objective fct: 17.9893 Volume: 1.8
Reject
Step=2.25926e-05
Theta min=0Theta max=0.998555
Iteration 183 ----------------------------------------
Objective fct: 17.9504 Volume: 1.8
Step=2.48519e-05
Theta min=0Theta max=0.99918
Iteration 184 ----------------------------------------
Objective fct: 17.9596 Volume: 1.8
Reject
Step=1.24259e-05
Theta min=0Theta max=0.99918
Iteration 184 ----------------------------------------
Objective fct: 17.9394 Volume: 1.8
Step=1.36685e-05
Theta min=0Theta max=0.999545
Iteration 185 ----------------------------------------
Objective fct: 17.9415 Volume: 1.8
Reject
Step=6.83426e-06
Theta min=0Theta max=0.999545
Iteration 185 ----------------------------------------
Objective fct: 17.9319 Volume: 1.8
Step=7.51769e-06
Theta min=0Theta max=0.999748
Iteration 186 ----------------------------------------
Objective fct: 17.9316 Volume: 1.8
Step=8.26946e-06
Theta min=0Theta max=0.999775
Iteration 187 ----------------------------------------
Objective fct: 17.9316 Volume: 1.8
Step=9.0964e-06
Theta min=0Theta max=0.999765
Iteration 188 ----------------------------------------
Objective fct: 17.9317 Volume: 1.79999
Step=1.0006e-05
Theta min=0Theta max=0.999724
Iteration 189 ----------------------------------------
Objective fct: 17.9205 Volume: 1.79993
Step=1.10066e-05
Theta min=0Theta max=0.99975
Iteration 190 ----------------------------------------
Objective fct: 17.9092 Volume: 1.79999
Step=1.21073e-05
Theta min=0Theta max=0.999717
Iteration 191 ----------------------------------------
Objective fct: 17.8977 Volume: 1.79999
Step=1.3318e-05
Theta min=0Theta max=0.999682
Iteration 192 ----------------------------------------
Objective fct: 17.8878 Volume: 1.79997
Step=1.46498e-05
Theta min=0Theta max=0.999676
Iteration 193 ----------------------------------------
Objective fct: 17.8824 Volume: 1.79999
Step=1.61148e-05
Theta min=0Theta max=0.999649
Iteration 194 ----------------------------------------
Objective fct: 17.8813 Volume: 1.79999
Step=1.77263e-05
Theta min=0Theta max=0.999592
Iteration 195 ----------------------------------------
Objective fct: 17.8729 Volume: 1.79993
Step=1.94989e-05
Theta min=0Theta max=0.999605
Iteration 196 ----------------------------------------
Objective fct: 17.869 Volume: 1.79999
Step=2.14488e-05
Theta min=0Theta max=0.999563
Iteration 197 ----------------------------------------
Objective fct: 17.865 Volume: 1.8
Step=2.35937e-05
Theta min=0Theta max=0.99952
Iteration 198 ----------------------------------------
Objective fct: 17.8607 Volume: 1.8
Step=2.59531e-05
Theta min=0Theta max=0.999477
Iteration 199 ----------------------------------------
Objective fct: 17.8563 Volume: 1.8
Step=2.85484e-05
Theta min=0Theta max=0.999427
Iteration 200 ----------------------------------------
Objective fct: 17.851 Volume: 1.79999
Step=3.14032e-05
Theta min=0Theta max=0.999378
Iteration 201 ----------------------------------------
Objective fct: 17.8467 Volume: 1.8
Step=3.45436e-05
Theta min=0Theta max=0.999312
Iteration 202 ----------------------------------------
Objective fct: 17.8402 Volume: 1.79998
Step=3.79979e-05
Theta min=0Theta max=0.999257
Iteration 203 ----------------------------------------
Objective fct: 17.8364 Volume: 1.8
Step=4.17977e-05
Theta min=0Theta max=0.999168
Iteration 204 ----------------------------------------
Objective fct: 17.8281 Volume: 1.79997
Step=4.59775e-05
Theta min=0Theta max=0.999111
Iteration 205 ----------------------------------------
Objective fct: 17.8223 Volume: 1.8
Step=5.05752e-05
Theta min=0Theta max=0.999018
Iteration 206 ----------------------------------------
Objective fct: 17.8152 Volume: 1.79999
Step=5.56328e-05
Theta min=0Theta max=0.998923
Iteration 207 ----------------------------------------
Objective fct: 17.8083 Volume: 1.79999
Step=6.1196e-05
Theta min=0Theta max=0.99882
Iteration 208 ----------------------------------------
Objective fct: 17.7997 Volume: 1.8
Step=6.73156e-05
Theta min=0Theta max=0.998705
Iteration 209 ----------------------------------------
Objective fct: 17.794 Volume: 1.8
Step=7.40472e-05
Theta min=0Theta max=0.998578
Iteration 210 ----------------------------------------
Objective fct: 17.7801 Volume: 1.8
Step=8.14519e-05
Theta min=0Theta max=0.998437
Iteration 211 ----------------------------------------
Objective fct: 17.7888 Volume: 1.8
Reject
Step=4.0726e-05
Theta min=0Theta max=0.998437
Iteration 211 ----------------------------------------
Objective fct: 17.7577 Volume: 1.8
Step=4.47986e-05
Theta min=0Theta max=0.998806
Iteration 212 ----------------------------------------
Objective fct: 17.7312 Volume: 1.8
Step=4.92784e-05
Theta min=0Theta max=0.998903
Iteration 213 ----------------------------------------
Objective fct: 17.7359 Volume: 1.8
Reject
Step=2.46392e-05
Theta min=0Theta max=0.998903
Iteration 213 ----------------------------------------
Objective fct: 17.7145 Volume: 1.8
Step=2.71031e-05
Theta min=0Theta max=0.999224
Iteration 214 ----------------------------------------
Objective fct: 17.7018 Volume: 1.8
Step=2.98134e-05
Theta min=0Theta max=0.999304
Iteration 215 ----------------------------------------
Objective fct: 17.7021 Volume: 1.79999
Reject
Step=1.49067e-05
Theta min=0Theta max=0.999304
Iteration 215 ----------------------------------------
Objective fct: 17.6862 Volume: 1.79999
Step=1.63974e-05
Theta min=0Theta max=0.999523
Iteration 216 ----------------------------------------
Objective fct: 17.6794 Volume: 1.8
Step=1.80371e-05
Theta min=0Theta max=0.999574
Iteration 217 ----------------------------------------
Objective fct: 17.6755 Volume: 1.8
Step=1.98408e-05
Theta min=0Theta max=0.999576
Iteration 218 ----------------------------------------
Objective fct: 17.6718 Volume: 1.79999
Step=2.18249e-05
Theta min=0Theta max=0.999563
Iteration 219 ----------------------------------------
Objective fct: 17.6705 Volume: 1.79999
Step=2.40074e-05
Theta min=0Theta max=0.999518
Iteration 220 ----------------------------------------
Objective fct: 17.6657 Volume: 1.79997
Step=2.64082e-05
Theta min=0Theta max=0.999498
Iteration 221 ----------------------------------------
Objective fct: 17.6634 Volume: 1.8
Step=2.9049e-05
Theta min=0Theta max=0.999445
Iteration 222 ----------------------------------------
Objective fct: 17.6611 Volume: 1.8
Step=3.19539e-05
Theta min=0Theta max=0.999387
Iteration 223 ----------------------------------------
Objective fct: 17.6579 Volume: 1.79999
Step=3.51493e-05
Theta min=0Theta max=0.99933
Iteration 224 ----------------------------------------
Objective fct: 17.6544 Volume: 1.79999
Step=3.86642e-05
Theta min=0Theta max=0.999266
Iteration 225 ----------------------------------------
Objective fct: 17.6514 Volume: 1.8
Step=4.25306e-05
Theta min=0Theta max=0.99919
Iteration 226 ----------------------------------------
Objective fct: 17.6476 Volume: 1.79999
Step=4.67837e-05
Theta min=0Theta max=0.999111
Iteration 227 ----------------------------------------
Objective fct: 17.6435 Volume: 1.79999
Step=5.1462e-05
Theta min=0Theta max=0.999028
Iteration 228 ----------------------------------------
Objective fct: 17.6534 Volume: 1.8
Reject
Step=2.5731e-05
Theta min=0Theta max=0.999028
Iteration 228 ----------------------------------------
Objective fct: 17.6252 Volume: 1.8
Step=2.83041e-05
Theta min=0Theta max=0.999255
Iteration 229 ----------------------------------------
Objective fct: 17.6158 Volume: 1.8
Step=3.11345e-05
Theta min=0Theta max=0.999316
Iteration 230 ----------------------------------------
Objective fct: 17.6101 Volume: 1.8
Step=3.4248e-05
Theta min=0Theta max=0.999312
Iteration 231 ----------------------------------------
Objective fct: 17.6059 Volume: 1.8
Step=3.76728e-05
Theta min=0Theta max=0.999271
Iteration 232 ----------------------------------------
Objective fct: 17.6024 Volume: 1.8
Step=4.14401e-05
Theta min=0Theta max=0.999212
Iteration 233 ----------------------------------------
Objective fct: 17.599 Volume: 1.8
Step=4.55841e-05
Theta min=0Theta max=0.999139
Iteration 234 ----------------------------------------
Objective fct: 17.5955 Volume: 1.8
Step=5.01425e-05
Theta min=0Theta max=0.999056
Iteration 235 ----------------------------------------
Objective fct: 17.5915 Volume: 1.8
Step=5.51567e-05
Theta min=0Theta max=0.998966
Iteration 236 ----------------------------------------
Objective fct: 17.5876 Volume: 1.8
Step=6.06724e-05
Theta min=0Theta max=0.998865
Iteration 237 ----------------------------------------
Objective fct: 17.5831 Volume: 1.8
Step=6.67396e-05
Theta min=0Theta max=0.998751
Iteration 238 ----------------------------------------
Objective fct: 17.5788 Volume: 1.79999
Step=7.34136e-05
Theta min=0Theta max=0.998634
Iteration 239 ----------------------------------------
Objective fct: 17.5717 Volume: 1.8
Step=8.0755e-05
Theta min=0Theta max=0.9985
Iteration 240 ----------------------------------------
Objective fct: 17.5744 Volume: 1.8
Reject
Step=4.03775e-05
Theta min=0Theta max=0.9985
Iteration 240 ----------------------------------------
Objective fct: 17.5478 Volume: 1.8
Step=4.44152e-05
Theta min=0Theta max=0.998849
Iteration 241 ----------------------------------------
Objective fct: 17.5293 Volume: 1.79999
Step=4.88568e-05
Theta min=0Theta max=0.998939
Iteration 242 ----------------------------------------
Objective fct: 17.5279 Volume: 1.79999
Step=5.37424e-05
Theta min=0Theta max=0.998941
Iteration 243 ----------------------------------------
Objective fct: 17.5083 Volume: 1.8
Step=5.91167e-05
Theta min=0Theta max=0.998878
Iteration 244 ----------------------------------------
Objective fct: 17.5378 Volume: 1.8
Reject
Step=2.95583e-05
Theta min=0Theta max=0.998878
Iteration 244 ----------------------------------------
Objective fct: 17.5004 Volume: 1.8
Step=3.25142e-05
Theta min=0Theta max=0.999148
Iteration 245 ----------------------------------------
Objective fct: 17.4824 Volume: 1.79999
Step=3.57656e-05
Theta min=0Theta max=0.999226
Iteration 246 ----------------------------------------
Objective fct: 17.4824 Volume: 1.8
Step=3.93421e-05
Theta min=0Theta max=0.999222
Iteration 247 ----------------------------------------
Objective fct: 17.4719 Volume: 1.8
Step=4.32764e-05
Theta min=0Theta max=0.999179
Iteration 248 ----------------------------------------
Objective fct: 17.4756 Volume: 1.8
Reject
Step=2.16382e-05
Theta min=0Theta max=0.999179
Iteration 248 ----------------------------------------
Objective fct: 17.4599 Volume: 1.8
Step=2.3802e-05
Theta min=0Theta max=0.99938
Iteration 249 ----------------------------------------
Objective fct: 17.4521 Volume: 1.8
Step=2.61822e-05
Theta min=0Theta max=0.999432
 try getConsole F:\github-clone\MAP562-homework\PC9\EX2.edp
