-- FreeFem++ v4.400003 (jeu. 12 déc. 2019 13:58:15 - git v4.4-3-9-gc37e08e1)
 Load: lg_fem lg_mesh lg_mesh3 eigenvalue
    1 : /////////////////////////////////////
    2 : // Material parameters, "two-phases"
    3 : // The two parameters are scalar,
    4 : // thus the two phases are isotropic.
    5 : real alpha=1.;
    6 : real beta=10.;
    7 :
    8 : // Coefficients of the homogenized tensor A*
    9 : real A11, A12, A21, A22 ;
   10 : string legende ;
   11 :
   12 : ////////////////////////////////
   13 : // Definition of the domain   //
   14 : ////////////////////////////////
   15 : mesh Sh;
   16 :
   17 : real pi=4*atan(1) ;
 *** Warning  The identifier pi hide a Global identifier
 
   18 : real theta1=0.8;
   19 : real theta2=0.4;
   20 : real theta=theta1*theta2;
   21 : real m1=(1-theta1)/(1-theta);
   22 : real m2=theta1*(1-theta2)/(1-theta1*theta2);
   23 :
   24 : //  Top boundary
   25 : border a1(t=1,0) { x=t; y=1;label=1; };
   26 : // Left boundary
   27 : border a2(t=1,0)  { x=0; y=t;label=2; };
   28 : // Bottom boundary
   29 : border a3(t=0,1) { x=t; y=0;label=3; };
   30 : // Right boundary
   31 : border a4(t=0,1) { x=1; y=t;label=4; };
   32 :
   33 : // Boundaries for material A
   34 : real L=1/(4-theta1);
   35 : real h=theta2;
   36 : real hmin=0.001;
   37 :
   38 : //Rectangle 1 for material A
   39 : //  Top boundary1
   40 : border B1(t=L,L*(1-theta1)) { x=t; y=h;label=5; };
   41 : // Left boundary1
   42 : border B2(t=h,hmin)  { x=L*(1-theta1); y=t;label=5; };
   43 : // Bottom boundary1
   44 : border B3(t=L*(1-theta1),L) { x=t; y=hmin;label=5; };
   45 : // Right boundary1
   46 : border B4(t=hmin,h) { x=L; y=t;label=5; };
   47 :
   48 : //Rectangle 2 for material A
   49 : //  Top boundary1
   50 : border B5(t=L,L*(1-theta1)) { x=t+L; y=h;label=5; };
   51 : // Left boundary1
   52 : border B6(t=h,hmin)  { x=L*(1-theta1)+L; y=t;label=5; };
   53 : // Bottom boundary1
   54 : border B7(t=L*(1-theta1),L) { x=t+L; y=hmin;label=5; };
   55 : // Right boundary1
   56 : border B8(t=hmin,h) { x=L+L; y=t;label=5; };
   57 :
   58 : //Rectangle 3 for material A
   59 : //  Top boundary1
   60 : border B9(t=L,L*(1-theta1)) { x=t+2*L; y=h;label=5; };
   61 : // Left boundary1
   62 : border B10(t=h,hmin)  { x=L*(1-theta1)+2*L; y=t;label=5; };
   63 : // Bottom boundary1
   64 : border B11(t=L*(1-theta1),L) { x=t+2*L; y=hmin;label=5; };
   65 : // Right boundary1
   66 : border B12(t=hmin,h) { x=3*L; y=t;label=5; };
   67 :
   68 : //////////////////////////////
   69 : // Mesh                     //
   70 : //////////////////////////////
   71 : int n=8 ;
   72 : Sh= buildmesh (a1(5*n)+a2(5*n)+a3(5*n)+a4(5*n)+B1(5*n)+B2(5*n)+B3(5*n)+B4(5*n)+B5(5*n)+B6(5*n)+B7(5*n)+B8(5*n)+B9(5*n)+B10(5*n)+B11(5*n)+B12(5*n));
   73 : //mesh Th = Sh ;
   74 :
   75 : plot(Sh,wait=1,ps="mesh1.eps");
   76 :
   77 :
   78 : //////////////////////////////
   79 : // Define FEM spaces
   80 : fespace Vh1(Sh,P1,periodic=[ [1,x],[3,x],[2,y],[4,y] ]);
   81 :
   82 : // Solution variables: u1 and u2
   83 : // Test function: phi
   84 : Vh1 u1,u2,phi;
   85 :
   86 :
   87 :
   88 :
   89 :
   90 : // Definition of the P0 space for the coefficient
   91 : // Furthermore we define the characteristic function
   92 : fespace Vh0(Sh,P0);
   93 : Vh0 Ay , reg=region;    // Region labels
   94 :
   95 : int C1,C2,C3,C4;
   96 : real xx=L-theta1*L/2;
   97 : real yy=h/2;
   98 : C1=reg(xx,yy);
   99 : C2=reg(xx+L,yy);
  100 : C3=reg(xx+2*L,yy);
  101 : C4=reg(0.5,(1-h/2));
  102 :
  103 : //////////////////////////////
  104 : // Definition of the characteristic function thanks to Lagrange's polynomial
  105 : Ay = -alpha*(C2-reg)*(C3-reg)*(C4-reg)/((C1-C2)*(C1-C3)*(C1-C4)) - alpha*(C1-reg)*(C3-reg)*(C4-reg)/((C2-C1)*(C2-C3)*(C2-C4)) - alpha*(C2-reg)*(C1-reg)*(C4-reg)/((C3-C2)*(C3-C1)*(C3-C4)) - beta*(C2-reg)*(C3-reg)*(C1-reg)/((C4-C2)*(C4-C3)*(C4-C1)) ;
  106 : plot(Sh,Ay,fill=1,wait=1,value=true);
  107 :
  108 :  sizestack + 1024 =7624  ( 6600 )
 
  --  mesh:  Nb of Triangles =  16864, Nb of Vertices 8513
times: compile 0.193s, execution 0.778s,  mpirank:0
 CodeAlloc : nb ptr  4098,  size :479200 mpirank: 0
Ok: Normal End
 try getConsole F:\github-clone\MAP562-homework\PC8\ex1_geometry.edp
